make --dry-run --always-make --keep-going --print-directory
make: Entering directory '/home/ethan/Source/OryxOS/kernel'
ldc2 -mtriple=amd64-unknown-elf -relocation-model=static -code-model=kernel -mattr=-sse,-sse2,-sse3,-ssse3 -disable-red-zone -betterC -op -O -I=source -I=../libraries -c source/runtime/_assert.d -of=source/runtime/_assert.o
ldc2 -mtriple=amd64-unknown-elf -relocation-model=static -code-model=kernel -mattr=-sse,-sse2,-sse3,-ssse3 -disable-red-zone -betterC -op -O -I=source -I=../libraries -c source/runtime/memory.d -of=source/runtime/memory.o
ldc2 -mtriple=amd64-unknown-elf -relocation-model=static -code-model=kernel -mattr=-sse,-sse2,-sse3,-ssse3 -disable-red-zone -betterC -op -O -I=source -I=../libraries -c source/io/framebuffer/package.d -of=source/io/framebuffer/package.o
ldc2 -mtriple=amd64-unknown-elf -relocation-model=static -code-model=kernel -mattr=-sse,-sse2,-sse3,-ssse3 -disable-red-zone -betterC -op -O -I=source -I=../libraries -c source/io/framebuffer/font.d -of=source/io/framebuffer/font.o
ldc2 -mtriple=amd64-unknown-elf -relocation-model=static -code-model=kernel -mattr=-sse,-sse2,-sse3,-ssse3 -disable-red-zone -betterC -op -O -I=source -I=../libraries -c source/io/console.d -of=source/io/console.o
ldc2 -mtriple=amd64-unknown-elf -relocation-model=static -code-model=kernel -mattr=-sse,-sse2,-sse3,-ssse3 -disable-red-zone -betterC -op -O -I=source -I=../libraries -c source/arch/amd64/package.d -of=source/arch/amd64/package.o
ldc2 -mtriple=amd64-unknown-elf -relocation-model=static -code-model=kernel -mattr=-sse,-sse2,-sse3,-ssse3 -disable-red-zone -betterC -op -O -I=source -I=../libraries -c source/arch/amd64/idt.d -of=source/arch/amd64/idt.o
ldc2 -mtriple=amd64-unknown-elf -relocation-model=static -code-model=kernel -mattr=-sse,-sse2,-sse3,-ssse3 -disable-red-zone -betterC -op -O -I=source -I=../libraries -c source/arch/amd64/gdt.d -of=source/arch/amd64/gdt.o
ldc2 -mtriple=amd64-unknown-elf -relocation-model=static -code-model=kernel -mattr=-sse,-sse2,-sse3,-ssse3 -disable-red-zone -betterC -op -O -I=source -I=../libraries -c source/arch/amd64/pic.d -of=source/arch/amd64/pic.o
ldc2 -mtriple=amd64-unknown-elf -relocation-model=static -code-model=kernel -mattr=-sse,-sse2,-sse3,-ssse3 -disable-red-zone -betterC -op -O -I=source -I=../libraries -c source/arch/amd64/drivers/legacy/keyboard.d -of=source/arch/amd64/drivers/legacy/keyboard.o
ldc2 -mtriple=amd64-unknown-elf -relocation-model=static -code-model=kernel -mattr=-sse,-sse2,-sse3,-ssse3 -disable-red-zone -betterC -op -O -I=source -I=../libraries -c source/arch/amd64/tss.d -of=source/arch/amd64/tss.o
ldc2 -mtriple=amd64-unknown-elf -relocation-model=static -code-model=kernel -mattr=-sse,-sse2,-sse3,-ssse3 -disable-red-zone -betterC -op -O -I=source -I=../libraries -c source/arch/amd64/apic.d -of=source/arch/amd64/apic.o
ldc2 -mtriple=amd64-unknown-elf -relocation-model=static -code-model=kernel -mattr=-sse,-sse2,-sse3,-ssse3 -disable-red-zone -betterC -op -O -I=source -I=../libraries -c source/arch/amd64/memory.d -of=source/arch/amd64/memory.o
ldc2 -mtriple=amd64-unknown-elf -relocation-model=static -code-model=kernel -mattr=-sse,-sse2,-sse3,-ssse3 -disable-red-zone -betterC -op -O -I=source -I=../libraries -c source/arch/amd64/cpu.d -of=source/arch/amd64/cpu.o
ldc2 -mtriple=amd64-unknown-elf -relocation-model=static -code-model=kernel -mattr=-sse,-sse2,-sse3,-ssse3 -disable-red-zone -betterC -op -O -I=source -I=../libraries -c source/arch/acpi/package.d -of=source/arch/acpi/package.o
ldc2 -mtriple=amd64-unknown-elf -relocation-model=static -code-model=kernel -mattr=-sse,-sse2,-sse3,-ssse3 -disable-red-zone -betterC -op -O -I=source -I=../libraries -c source/arch/acpi/madt.d -of=source/arch/acpi/madt.o
ldc2 -mtriple=amd64-unknown-elf -relocation-model=static -code-model=kernel -mattr=-sse,-sse2,-sse3,-ssse3 -disable-red-zone -betterC -op -O -I=source -I=../libraries -c source/memory/package.d -of=source/memory/package.o
ldc2 -mtriple=amd64-unknown-elf -relocation-model=static -code-model=kernel -mattr=-sse,-sse2,-sse3,-ssse3 -disable-red-zone -betterC -op -O -I=source -I=../libraries -c source/memory/allocator.d -of=source/memory/allocator.o
ldc2 -mtriple=amd64-unknown-elf -relocation-model=static -code-model=kernel -mattr=-sse,-sse2,-sse3,-ssse3 -disable-red-zone -betterC -op -O -I=source -I=../libraries -c source/memory/physical.d -of=source/memory/physical.o
ldc2 -mtriple=amd64-unknown-elf -relocation-model=static -code-model=kernel -mattr=-sse,-sse2,-sse3,-ssse3 -disable-red-zone -betterC -op -O -I=source -I=../libraries -c source/lib/limine.d -of=source/lib/limine.o
ldc2 -mtriple=amd64-unknown-elf -relocation-model=static -code-model=kernel -mattr=-sse,-sse2,-sse3,-ssse3 -disable-red-zone -betterC -op -O -I=source -I=../libraries -c source/lib/collections.d -of=source/lib/collections.o
ldc2 -mtriple=amd64-unknown-elf -relocation-model=static -code-model=kernel -mattr=-sse,-sse2,-sse3,-ssse3 -disable-red-zone -betterC -op -O -I=source -I=../libraries -c source/main.d -of=source/main.o
ldc2 -mtriple=amd64-unknown-elf -relocation-model=static -code-model=kernel -mattr=-sse,-sse2,-sse3,-ssse3 -disable-red-zone -betterC -op -O -I=source -I=../libraries -c source/scheduler/package.d -of=source/scheduler/package.o
ldc2 -mtriple=amd64-unknown-elf -relocation-model=static -code-model=kernel -mattr=-sse,-sse2,-sse3,-ssse3 -disable-red-zone -betterC -op -O -I=source -I=../libraries -c source/scheduler/thread.d -of=source/scheduler/thread.o
ldc2 -mtriple=amd64-unknown-elf -relocation-model=static -code-model=kernel -mattr=-sse,-sse2,-sse3,-ssse3 -disable-red-zone -betterC -op -O -I=source -I=../libraries -c source/scheduler/queue.d -of=source/scheduler/queue.o
ldc2 -mtriple=amd64-unknown-elf -relocation-model=static -code-model=kernel -mattr=-sse,-sse2,-sse3,-ssse3 -disable-red-zone -betterC -op -O -I=source -I=../libraries -c source/scheduler/program.d -of=source/scheduler/program.o
nasm -felf64 -Isource source/arch/amd64/userspace.asm -o source/arch/amd64/userspace.o
nasm -felf64 -Isource source/arch/amd64/syscall.asm -o source/arch/amd64/syscall.o
nasm -felf64 -Isource source/arch/amd64/handlers.asm -o source/arch/amd64/handlers.o
ldc2 -mtriple=amd64-unknown-elf -relocation-model=static -code-model=kernel -mattr=-sse,-sse2,-sse3,-ssse3 -disable-red-zone -betterC -op -O -I=source -I=../libraries -c ../libraries/au/result.d -of=../libraries/au/result.o
ldc2 -mtriple=amd64-unknown-elf -relocation-model=static -code-model=kernel -mattr=-sse,-sse2,-sse3,-ssse3 -disable-red-zone -betterC -op -O -I=source -I=../libraries -c ../libraries/au/math.d -of=../libraries/au/math.o
ldc2 -mtriple=amd64-unknown-elf -relocation-model=static -code-model=kernel -mattr=-sse,-sse2,-sse3,-ssse3 -disable-red-zone -betterC -op -O -I=source -I=../libraries -c ../libraries/au/elf.d -of=../libraries/au/elf.o
ldc2 -mtriple=amd64-unknown-elf -relocation-model=static -code-model=kernel -mattr=-sse,-sse2,-sse3,-ssse3 -disable-red-zone -betterC -op -O -I=source -I=../libraries -c ../libraries/au/string.d -of=../libraries/au/string.o
ldc2 -mtriple=amd64-unknown-elf -relocation-model=static -code-model=kernel -mattr=-sse,-sse2,-sse3,-ssse3 -disable-red-zone -betterC -op -O -I=source -I=../libraries -c ../libraries/au/types.d -of=../libraries/au/types.o
ldc2 -mtriple=amd64-unknown-elf -relocation-model=static -code-model=kernel -mattr=-sse,-sse2,-sse3,-ssse3 -disable-red-zone -betterC -op -O -I=source -I=../libraries -c ../libraries/au/bitmap.d -of=../libraries/au/bitmap.o
ld.lld --oformat elf_amd64 --nostdlib source/runtime/_assert.o source/runtime/memory.o source/io/framebuffer/package.o source/io/framebuffer/font.o source/io/console.o source/arch/amd64/package.o source/arch/amd64/idt.o source/arch/amd64/gdt.o source/arch/amd64/pic.o source/arch/amd64/drivers/legacy/keyboard.o source/arch/amd64/tss.o source/arch/amd64/apic.o source/arch/amd64/memory.o source/arch/amd64/cpu.o source/arch/acpi/package.o source/arch/acpi/madt.o source/memory/package.o source/memory/allocator.o source/memory/physical.o source/lib/limine.o source/lib/collections.o source/main.o source/scheduler/package.o source/scheduler/thread.o source/scheduler/queue.o source/scheduler/program.o source/arch/amd64/userspace.o source/arch/amd64/syscall.o source/arch/amd64/handlers.o ../libraries/au/result.o ../libraries/au/math.o ../libraries/au/elf.o ../libraries/au/string.o ../libraries/au/types.o ../libraries/au/bitmap.o -T build/link.ld -o kernel.elf
make: Leaving directory '/home/ethan/Source/OryxOS/kernel'
 
